# JRE version: OpenJDK Runtime Environment (11.0.10) (build 11.0.10+0-b96-7281165)
# Java VM: OpenJDK 64-Bit Server VM (11.0.10+0-b96-7281165, mixed mode, tiered, compressed oops, g1 gc, bsd-amd64)
Heap:
 garbage-first heap   total 131072K, used 35729K [0x0000000780000000, 0x0000000800000000)
  region size 1024K, 16 young (16384K), 3 survivors (3072K)
 Metaspace       used 36993K, capacity 37546K, committed 38400K, reserved 1083392K
  class space    used 4299K, capacity 4493K, committed 4608K, reserved 1048576K
GC Heap History (8 events):
Event: 6.628 GC heap before
{Heap before GC invocations=0 (full 0):
 garbage-first heap   total 131072K, used 18432K [0x0000000780000000, 0x0000000800000000)
  region size 1024K, 14 young (14336K), 0 survivors (0K)
 Metaspace       used 10145K, capacity 10258K, committed 10624K, reserved 1058816K
  class space    used 870K, capacity 885K, committed 896K, reserved 1048576K
}
Event: 6.635 GC heap after
{Heap after GC invocations=1 (full 0):
 garbage-first heap   total 131072K, used 5229K [0x0000000780000000, 0x0000000800000000)
  region size 1024K, 2 young (2048K), 2 survivors (2048K)
 Metaspace       used 10145K, capacity 10258K, committed 10624K, reserved 1058816K
  class space    used 870K, capacity 885K, committed 896K, reserved 1048576K
}
Event: 13.520 GC heap before
{Heap before GC invocations=1 (full 0):
 garbage-first heap   total 131072K, used 49261K [0x0000000780000000, 0x0000000800000000)
  region size 1024K, 46 young (47104K), 2 survivors (2048K)
 Metaspace       used 20683K, capacity 20920K, committed 21248K, reserved 1069056K
  class space    used 2166K, capacity 2289K, committed 2304K, reserved 1048576K
}
Event: 13.586 GC heap after
{Heap after GC invocations=2 (full 0):
 garbage-first heap   total 131072K, used 9481K [0x0000000780000000, 0x0000000800000000)
  region size 1024K, 7 young (7168K), 7 survivors (7168K)
 Metaspace       used 20683K, capacity 20920K, committed 21248K, reserved 1069056K
  class space    used 2166K, capacity 2289K, committed 2304K, reserved 1048576K
}
Event: 21.183 GC heap before
{Heap before GC invocations=3 (full 0):
 garbage-first heap   total 131072K, used 61705K [0x0000000780000000, 0x0000000800000000)
  region size 1024K, 50 young (51200K), 7 survivors (7168K)
 Metaspace       used 30484K, capacity 30929K, committed 31488K, reserved 1077248K
  class space    used 3585K, capacity 3743K, committed 3840K, reserved 1048576K
}
Event: 21.297 GC heap after
{Heap after GC invocations=4 (full 0):
 garbage-first heap   total 131072K, used 23185K [0x0000000780000000, 0x0000000800000000)
  region size 1024K, 6 young (6144K), 6 survivors (6144K)
 Metaspace       used 30484K, capacity 30929K, committed 31488K, reserved 1077248K
  class space    used 3585K, capacity 3743K, committed 3840K, reserved 1048576K
}
Event: 28.204 GC heap before
{Heap before GC invocations=4 (full 0):
 garbage-first heap   total 131072K, used 51857K [0x0000000780000000, 0x0000000800000000)
  region size 1024K, 31 young (31744K), 6 survivors (6144K)
 Metaspace       used 34813K, capacity 35213K, committed 35840K, reserved 1081344K
  class space    used 4073K, capacity 4230K, committed 4352K, reserved 1048576K
}
Event: 28.253 GC heap after
{Heap after GC invocations=5 (full 0):
 garbage-first heap   total 131072K, used 23441K [0x0000000780000000, 0x0000000800000000)
  region size 1024K, 3 young (3072K), 3 survivors (3072K)
 Metaspace       used 34813K, capacity 35213K, committed 35840K, reserved 1081344K
  class space    used 4073K, capacity 4230K, committed 4352K, reserved 1048576K
}

